<?xml version="1.0" encoding="UTF-8"?>
<!-- Generated by org.testng.reporters.JUnitReportReporter -->
<testsuite hostname="DESKTOP-UIMR4L4" failures="0" tests="1" name="testcases.Hometestcase" time="1.120" errors="0" timestamp="27 Nov 2020 11:25:05 GMT">
  <testcase classname="testcases.Hometestcase" name="LandingPage" time="1.120"/>
</testsuite> <!-- testcases.Hometestcase -->
